[1;31m [ERROR] [2019-05-29 16:00:34]127.0.0.1|18672 Library\Third\ThirdFactory,paymentId:6.trade:D:\soft\phpStudy\PHPTutorial\WWW\userCenter\app\Include\Library\RechargeCenter\RechargePay.php 46 
 D:\soft\phpStudy\PHPTutorial\WWW\userCenter\app\Http\Controllers\Api\Payment\RechargeController.php 27 
 D:\soft\phpStudy\PHPTutorial\WWW\userCenter\vendor\laravel\framework\src\Illuminate\Routing\Controller.php 54 
 D:\soft\phpStudy\PHPTutorial\WWW\userCenter\vendor\laravel\framework\src\Illuminate\Routing\ControllerDispatcher.php 45 
 D:\soft\phpStudy\PHPTutorial\WWW\userCenter\vendor\laravel\framework\src\Illuminate\Routing\Route.php 212 
 D:\soft\phpStudy\PHPTutorial\WWW\userCenter\vendor\laravel\framework\src\Illuminate\Routing\Route.php 169 
 D:\soft\phpStudy\PHPTutorial\WWW\userCenter\vendor\laravel\framework\src\Illuminate\Routing\Router.php 658 
 D:\soft\phpStudy\PHPTutorial\WWW\userCenter\vendor\laravel\framework\src\Illuminate\Routing\Pipeline.php 30 
 D:\soft\phpStudy\PHPTutorial\WWW\userCenter\app\Http\Middleware\UserLoginMiddleware.php 38 
 D:\soft\phpStudy\PHPTutorial\WWW\userCenter\vendor\laravel\framework\src\Illuminate\Pipeline\Pipeline.php 149 
 D:\soft\phpStudy\PHPTutorial\WWW\userCenter\vendor\laravel\framework\src\Illuminate\Routing\Pipeline.php 53 
 D:\soft\phpStudy\PHPTutorial\WWW\userCenter\vendor\laravel\framework\src\Illuminate\Routing\Middleware\SubstituteBindings.php 41 
 D:\soft\phpStudy\PHPTutorial\WWW\userCenter\vendor\laravel\framework\src\Illuminate\Pipeline\Pipeline.php 149 
 D:\soft\phpStudy\PHPTutorial\WWW\userCenter\vendor\laravel\framework\src\Illuminate\Routing\Pipeline.php 53 
 D:\soft\phpStudy\PHPTutorial\WWW\userCenter\vendor\laravel\framework\src\Illuminate\Foundation\Http\Middleware\VerifyCsrfToken.php 68 
 D:\soft\phpStudy\PHPTutorial\WWW\userCenter\vendor\laravel\framework\src\Illuminate\Pipeline\Pipeline.php 149 
 D:\soft\phpStudy\PHPTutorial\WWW\userCenter\vendor\laravel\framework\src\Illuminate\Routing\Pipeline.php 53 
 D:\soft\phpStudy\PHPTutorial\WWW\userCenter\vendor\laravel\framework\src\Illuminate\View\Middleware\ShareErrorsFromSession.php 49 
 D:\soft\phpStudy\PHPTutorial\WWW\userCenter\vendor\laravel\framework\src\Illuminate\Pipeline\Pipeline.php 149 
 D:\soft\phpStudy\PHPTutorial\WWW\userCenter\vendor\laravel\framework\src\Illuminate\Routing\Pipeline.php 53 
 D:\soft\phpStudy\PHPTutorial\WWW\userCenter\vendor\laravel\framework\src\Illuminate\Session\Middleware\StartSession.php 63 
 D:\soft\phpStudy\PHPTutorial\WWW\userCenter\vendor\laravel\framework\src\Illuminate\Pipeline\Pipeline.php 149 
 D:\soft\phpStudy\PHPTutorial\WWW\userCenter\vendor\laravel\framework\src\Illuminate\Routing\Pipeline.php 53 
 D:\soft\phpStudy\PHPTutorial\WWW\userCenter\vendor\laravel\framework\src\Illuminate\Cookie\Middleware\AddQueuedCookiesToResponse.php 37 
 D:\soft\phpStudy\PHPTutorial\WWW\userCenter\vendor\laravel\framework\src\Illuminate\Pipeline\Pipeline.php 149 
 D:\soft\phpStudy\PHPTutorial\WWW\userCenter\vendor\laravel\framework\src\Illuminate\Routing\Pipeline.php 53 
 D:\soft\phpStudy\PHPTutorial\WWW\userCenter\vendor\laravel\framework\src\Illuminate\Cookie\Middleware\EncryptCookies.php 66 
 D:\soft\phpStudy\PHPTutorial\WWW\userCenter\vendor\laravel\framework\src\Illuminate\Pipeline\Pipeline.php 149 
 D:\soft\phpStudy\PHPTutorial\WWW\userCenter\vendor\laravel\framework\src\Illuminate\Routing\Pipeline.php 53 
 D:\soft\phpStudy\PHPTutorial\WWW\userCenter\vendor\laravel\framework\src\Illuminate\Pipeline\Pipeline.php 102 
 D:\soft\phpStudy\PHPTutorial\WWW\userCenter\vendor\laravel\framework\src\Illuminate\Routing\Router.php 660 
 D:\soft\phpStudy\PHPTutorial\WWW\userCenter\vendor\laravel\framework\src\Illuminate\Routing\Router.php 635 
 D:\soft\phpStudy\PHPTutorial\WWW\userCenter\vendor\laravel\framework\src\Illuminate\Routing\Router.php 601 
 D:\soft\phpStudy\PHPTutorial\WWW\userCenter\vendor\laravel\framework\src\Illuminate\Routing\Router.php 590 
 D:\soft\phpStudy\PHPTutorial\WWW\userCenter\vendor\laravel\framework\src\Illuminate\Foundation\Http\Kernel.php 176 
 D:\soft\phpStudy\PHPTutorial\WWW\userCenter\vendor\laravel\framework\src\Illuminate\Routing\Pipeline.php 30 
 D:\soft\phpStudy\PHPTutorial\WWW\userCenter\vendor\barryvdh\laravel-debugbar\src\Middleware\InjectDebugbar.php 65 
 D:\soft\phpStudy\PHPTutorial\WWW\userCenter\vendor\laravel\framework\src\Illuminate\Pipeline\Pipeline.php 149 
 D:\soft\phpStudy\PHPTutorial\WWW\userCenter\vendor\laravel\framework\src\Illuminate\Routing\Pipeline.php 53 
 D:\soft\phpStudy\PHPTutorial\WWW\userCenter\vendor\fideloper\proxy\src\TrustProxies.php 56 
 D:\soft\phpStudy\PHPTutorial\WWW\userCenter\vendor\laravel\framework\src\Illuminate\Pipeline\Pipeline.php 149 
 D:\soft\phpStudy\PHPTutorial\WWW\userCenter\vendor\laravel\framework\src\Illuminate\Routing\Pipeline.php 53 
 D:\soft\phpStudy\PHPTutorial\WWW\userCenter\vendor\laravel\framework\src\Illuminate\Foundation\Http\Middleware\TransformsRequest.php 30 
 D:\soft\phpStudy\PHPTutorial\WWW\userCenter\vendor\laravel\framework\src\Illuminate\Pipeline\Pipeline.php 149 
 D:\soft\phpStudy\PHPTutorial\WWW\userCenter\vendor\laravel\framework\src\Illuminate\Routing\Pipeline.php 53 
 D:\soft\phpStudy\PHPTutorial\WWW\userCenter\vendor\laravel\framework\src\Illuminate\Foundation\Http\Middleware\TransformsRequest.php 30 
 D:\soft\phpStudy\PHPTutorial\WWW\userCenter\vendor\laravel\framework\src\Illuminate\Pipeline\Pipeline.php 149 
 D:\soft\phpStudy\PHPTutorial\WWW\userCenter\vendor\laravel\framework\src\Illuminate\Routing\Pipeline.php 53 
 D:\soft\phpStudy\PHPTutorial\WWW\userCenter\vendor\laravel\framework\src\Illuminate\Foundation\Http\Middleware\ValidatePostSize.php 27 
 D:\soft\phpStudy\PHPTutorial\WWW\userCenter\vendor\laravel\framework\src\Illuminate\Pipeline\Pipeline.php 149 
 D:\soft\phpStudy\PHPTutorial\WWW\userCenter\vendor\laravel\framework\src\Illuminate\Routing\Pipeline.php 53 
 D:\soft\phpStudy\PHPTutorial\WWW\userCenter\vendor\laravel\framework\src\Illuminate\Foundation\Http\Middleware\CheckForMaintenanceMode.php 46 
 D:\soft\phpStudy\PHPTutorial\WWW\userCenter\vendor\laravel\framework\src\Illuminate\Pipeline\Pipeline.php 149 
 D:\soft\phpStudy\PHPTutorial\WWW\userCenter\vendor\laravel\framework\src\Illuminate\Routing\Pipeline.php 53 
 D:\soft\phpStudy\PHPTutorial\WWW\userCenter\vendor\laravel\framework\src\Illuminate\Pipeline\Pipeline.php 102 
 D:\soft\phpStudy\PHPTutorial\WWW\userCenter\vendor\laravel\framework\src\Illuminate\Foundation\Http\Kernel.php 151 
 D:\soft\phpStudy\PHPTutorial\WWW\userCenter\vendor\laravel\framework\src\Illuminate\Foundation\Http\Kernel.php 116 
 D:\soft\phpStudy\PHPTutorial\WWW\userCenter\public_html\index.php 55 
 ,line:25[0m 
